SF:lib/db/db_provider.dart
DA:7,30
DA:9,10
DA:11,9
DA:15,9
DA:18,0
DA:22,1
DA:23,2
DA:25,1
DA:29,0
DA:30,0
DA:37,0
DA:39,0
DA:48,0
DA:58,0
DA:68,0
DA:81,0
DA:90,0
DA:100,0
DA:114,0
DA:115,0
DA:117,0
DA:119,0
DA:121,0
DA:122,0
DA:123,0
LF:25
LH:7
end_of_record
SF:lib/models/pedido_cliente_model.dart
DA:8,1
DA:16,2
DA:17,1
DA:18,1
DA:19,1
DA:22,1
DA:23,1
DA:24,1
DA:25,1
DA:26,1
DA:27,1
DA:28,1
LF:12
LH:12
end_of_record
SF:lib/providers/pedido_provider.dart
DA:8,1
DA:9,2
DA:10,1
DA:16,5
DA:17,1
DA:20,0
DA:21,0
DA:22,0
DA:28,0
DA:29,0
DA:32,1
DA:33,2
DA:34,2
DA:35,1
LF:14
LH:9
end_of_record
SF:lib/models/ingredient_model.dart
DA:8,1
DA:16,2
DA:17,1
DA:18,1
DA:19,1
DA:20,1
DA:21,1
DA:24,2
DA:25,1
DA:26,1
DA:27,1
DA:28,1
LF:12
LH:12
end_of_record
SF:lib/providers/ingredient_provider.dart
DA:8,1
DA:9,2
DA:10,1
DA:15,5
DA:16,1
DA:19,1
DA:20,2
DA:21,2
DA:22,1
DA:25,1
DA:26,2
DA:27,1
DA:29,1
DA:31,2
DA:33,1
DA:36,1
DA:37,2
DA:38,2
DA:39,1
LF:19
LH:19
end_of_record
SF:lib/models/receta_model.dart
DA:9,1
DA:18,1
DA:19,1
DA:20,1
DA:21,1
DA:22,1
DA:23,1
DA:24,1
DA:25,1
DA:28,2
DA:29,1
DA:30,1
DA:31,1
DA:32,1
LF:14
LH:14
end_of_record
SF:lib/providers/receta_provider.dart
DA:8,1
DA:9,2
DA:10,1
DA:19,1
DA:22,5
DA:23,1
DA:26,1
DA:27,2
DA:28,2
DA:29,2
DA:32,1
DA:33,2
DA:34,2
DA:35,1
LF:14
LH:14
end_of_record
SF:lib/models/tipo_pan_model.dart
DA:7,1
DA:14,2
DA:15,1
DA:16,1
DA:17,1
DA:18,1
DA:21,2
DA:22,1
DA:23,1
DA:24,1
DA:25,1
LF:11
LH:11
end_of_record
SF:lib/providers/tipo_pan_provider.dart
DA:8,1
DA:9,2
DA:10,1
DA:11,5
DA:12,1
DA:15,1
DA:16,2
DA:17,2
DA:18,1
DA:21,1
DA:22,2
DA:23,1
DA:25,1
DA:27,2
DA:29,1
DA:32,1
DA:33,2
DA:34,2
DA:35,1
LF:19
LH:19
end_of_record
SF:lib/providers/pedido_detalle_provider.dart
DA:8,1
DA:9,2
DA:10,1
DA:17,1
DA:20,5
DA:21,1
DA:24,1
DA:29,2
DA:30,2
LF:9
LH:9
end_of_record
SF:lib/models/pedido_detalle_model.dart
DA:10,1
DA:18,1
DA:19,1
DA:20,1
DA:21,1
DA:22,1
DA:23,1
DA:24,1
DA:27,0
DA:28,0
DA:29,0
DA:30,0
DA:31,0
LF:13
LH:8
end_of_record
SF:lib/providers/unidad_provider.dart
DA:8,1
DA:9,2
DA:10,1
DA:11,5
DA:12,1
DA:15,1
DA:16,2
DA:17,2
DA:18,1
DA:21,1
DA:22,2
DA:23,1
DA:25,1
DA:27,1
DA:29,1
DA:32,1
DA:33,2
DA:34,2
DA:35,1
LF:19
LH:19
end_of_record
SF:lib/models/unidad_model.dart
DA:6,1
DA:8,2
DA:9,1
DA:10,1
DA:13,0
DA:14,0
DA:15,0
LF:7
LH:4
end_of_record
SF:lib/models/bread_model.dart
DA:8,1
DA:16,2
DA:17,1
DA:18,1
DA:19,1
DA:20,1
DA:22,2
DA:23,0
DA:24,1
DA:27,2
DA:28,1
DA:29,1
DA:30,1
DA:31,1
DA:32,1
LF:15
LH:14
end_of_record
SF:lib/providers/bread_provider.dart
DA:8,2
DA:10,1
DA:11,2
DA:12,1
DA:13,5
DA:14,1
DA:17,1
DA:18,2
DA:19,2
DA:21,2
DA:22,1
DA:25,1
DA:26,2
DA:27,2
DA:28,1
DA:31,1
DA:32,2
DA:33,4
DA:34,1
LF:19
LH:19
end_of_record
SF:lib/models/cliente_model.dart
DA:7,1
DA:14,2
DA:15,1
DA:16,1
DA:17,1
DA:18,1
DA:21,2
DA:22,1
DA:23,1
DA:24,1
DA:25,1
LF:11
LH:11
end_of_record
SF:lib/providers/cliente_provider.dart
DA:8,1
DA:9,2
DA:10,1
DA:11,5
DA:12,1
DA:15,1
DA:16,2
DA:17,2
DA:18,1
DA:21,1
DA:22,2
DA:23,1
DA:25,1
DA:27,2
DA:29,1
DA:32,1
DA:33,2
DA:34,2
DA:35,1
LF:19
LH:19
end_of_record
SF:lib/models/receta_tipo_pan_model.dart
DA:12,1
DA:22,1
DA:23,1
DA:24,1
DA:25,1
DA:26,1
DA:27,1
DA:28,1
DA:29,1
DA:30,1
DA:33,2
DA:34,1
DA:35,1
DA:36,1
DA:37,1
DA:38,1
LF:16
LH:16
end_of_record
SF:lib/providers/receta_tipo_provider.dart
DA:8,1
DA:9,2
DA:10,1
DA:18,1
DA:21,5
DA:22,1
DA:25,1
DA:26,2
DA:27,2
DA:28,2
DA:31,1
DA:32,2
DA:33,2
DA:34,1
LF:14
LH:14
end_of_record
